<?xml version="1.0" encoding="UTF-8"?>
<testng-results ignored="0" total="1" passed="1" failed="0" skipped="0">
  <reporter-output>
  </reporter-output>
  <suite started-at="2023-01-04T21:31:25 IST" name="Default suite" finished-at="2023-01-04T21:31:56 IST" duration-ms="31446">
    <groups>
    </groups>
    <test started-at="2023-01-04T21:31:25 IST" name="Default test" finished-at="2023-01-04T21:31:56 IST" duration-ms="31446">
      <class name="com.tunescriber.testCases.TC_HomeTest_001">
        <test-method is-config="true" signature="setup()[pri:0, instance:com.tunescriber.testCases.TC_HomeTest_001@78691363]" started-at="2023-01-04T21:31:25 IST" name="setup" finished-at="2023-01-04T21:31:27 IST" duration-ms="1944" status="PASS">
          <reporter-output>
          </reporter-output>
        </test-method> <!-- setup -->
        <test-method signature="verifyLogoLink()[pri:0, instance:com.tunescriber.testCases.TC_HomeTest_001@78691363]" started-at="2023-01-04T21:31:27 IST" name="verifyLogoLink" finished-at="2023-01-04T21:31:56 IST" duration-ms="29336" status="PASS">
          <reporter-output>
          </reporter-output>
        </test-method> <!-- verifyLogoLink -->
        <test-method is-config="true" signature="tearDown()[pri:0, instance:com.tunescriber.testCases.TC_HomeTest_001@78691363]" started-at="2023-01-04T21:31:56 IST" name="tearDown" finished-at="2023-01-04T21:31:56 IST" duration-ms="124" status="PASS">
          <reporter-output>
          </reporter-output>
        </test-method> <!-- tearDown -->
      </class> <!-- com.tunescriber.testCases.TC_HomeTest_001 -->
    </test> <!-- Default test -->
  </suite> <!-- Default suite -->
</testng-results>
